<?xml version="1.0" encoding="UTF-8"?>
<testsuites name="jest tests" tests="26" failures="0" errors="0" time="5.019">
  <testsuite name="Metrics summary" errors="0" failures="0" skipped="0" timestamp="2025-09-08T20:19:34" time="3.301" tests="1">
    <testcase classname="Metrics summary shows top locations and actions with counts in Hindi" name="Metrics summary shows top locations and actions with counts in Hindi" time="0.699">
    </testcase>
  </testsuite>
  <testsuite name="Feature flag: FLAG_PARSE" errors="0" failures="0" skipped="0" timestamp="2025-09-08T20:19:34" time="3.381" tests="1">
    <testcase classname="Feature flag: FLAG_PARSE when FLAG_PARSE=off, disables extraction (no hashtags) and shows placeholders" name="Feature flag: FLAG_PARSE when FLAG_PARSE=off, disables extraction (no hashtags) and shows placeholders" time="0.769">
    </testcase>
  </testsuite>
  <testsuite name="Dashboard" errors="0" failures="0" skipped="0" timestamp="2025-09-08T20:19:34" time="3.564" tests="1">
    <testcase classname="Dashboard renders a Hindi table with headers and 48 rows" name="Dashboard renders a Hindi table with headers and 48 rows" time="0.827">
    </testcase>
  </testsuite>
  <testsuite name="Homepage composition" errors="0" failures="0" skipped="0" timestamp="2025-09-08T20:19:34" time="3.669" tests="1">
    <testcase classname="Homepage composition renders dashboard table and metrics summary" name="Homepage composition renders dashboard table and metrics summary" time="0.86">
    </testcase>
  </testsuite>
  <testsuite name="Dashboard columns behavior" errors="0" failures="0" skipped="0" timestamp="2025-09-08T20:19:34" time="3.717" tests="2">
    <testcase classname="Dashboard columns behavior renders placeholder (—) where location or actions are missing" name="Dashboard columns behavior renders placeholder (—) where location or actions are missing" time="0.465">
    </testcase>
    <testcase classname="Dashboard columns behavior truncates the &quot;विवरण&quot; column to 80 chars and exposes full text in title" name="Dashboard columns behavior truncates the &quot;विवरण&quot; column to 80 chars and exposes full text in title" time="0.118">
    </testcase>
  </testsuite>
  <testsuite name="Documentation presence" errors="0" failures="0" skipped="0" timestamp="2025-09-08T20:19:38" time="0.263" tests="1">
    <testcase classname="Documentation presence runbook exists and mentions FLAG_PARSE and rollback" name="Documentation presence runbook exists and mentions FLAG_PARSE and rollback" time="0.001">
    </testcase>
  </testsuite>
  <testsuite name="tag search normalization" errors="0" failures="0" skipped="0" timestamp="2025-09-08T20:19:38" time="0.235" tests="3">
    <testcase classname="tag search normalization builds keys for nukta and transliteration" name="tag search normalization builds keys for nukta and transliteration" time="0.036">
    </testcase>
    <testcase classname="tag search normalization matches #रोज़गार with #रोजगार (no nukta)" name="tag search normalization matches #रोज़गार with #रोजगार (no nukta)" time="0.017">
    </testcase>
    <testcase classname="tag search normalization matches #रोज़गार with #Rojgar and #Rojgaar (hinglish)" name="tag search normalization matches #रोज़गार with #Rojgar and #Rojgaar (hinglish)" time="0">
    </testcase>
  </testsuite>
  <testsuite name="Dashboard filter reset" errors="0" failures="0" skipped="0" timestamp="2025-09-08T20:19:34" time="3.885" tests="1">
    <testcase classname="Dashboard filter reset clears all filters and restores full dataset" name="Dashboard filter reset clears all filters and restores full dataset" time="1.086">
    </testcase>
  </testsuite>
  <testsuite name="Dashboard filters" errors="0" failures="0" skipped="0" timestamp="2025-09-08T20:19:34" time="3.885" tests="1">
    <testcase classname="Dashboard filters filters rows by स्थान (कहाँ)" name="Dashboard filters filters rows by स्थान (कहाँ)" time="1.132">
    </testcase>
  </testsuite>
  <testsuite name="parse activities and inferred locations" errors="0" failures="0" skipped="0" timestamp="2025-09-08T20:19:38" time="0.204" tests="3">
    <testcase classname="parse activities and inferred locations detects activities like शिलान्यास and निरीक्षण" name="parse activities and inferred locations detects activities like शिलान्यास and निरीक्षण" time="0.002">
    </testcase>
    <testcase classname="parse activities and inferred locations extracts multi-activity tokens like जन्मदिन, प्रार्थना, शुभकामनायें" name="parse activities and inferred locations extracts multi-activity tokens like जन्मदिन, प्रार्थना, शुभकामनायें" time="0.002">
    </testcase>
    <testcase classname="parse activities and inferred locations captures नई दिल्ली from sentence constructs" name="parse activities and inferred locations captures नई दिल्ली from sentence constructs" time="0">
    </testcase>
  </testsuite>
  <testsuite name="location flexible matching" errors="0" failures="0" skipped="0" timestamp="2025-09-08T20:19:38" time="0.306" tests="3">
    <testcase classname="location flexible matching matches दिल्ली with Delhi and Dilli" name="location flexible matching matches दिल्ली with Delhi and Dilli" time="0.006">
    </testcase>
    <testcase classname="location flexible matching matches नई दिल्ली with New Delhi and Nayi Dilli" name="location flexible matching matches नई दिल्ली with New Delhi and Nayi Dilli" time="0.002">
    </testcase>
    <testcase classname="location flexible matching matches रायगढ़ with Raigarh and Raygarh" name="location flexible matching matches रायगढ़ with Raigarh and Raygarh" time="0.002">
    </testcase>
  </testsuite>
  <testsuite name="Dashboard date range filter" errors="0" failures="0" skipped="0" timestamp="2025-09-08T20:19:34" time="4.058" tests="1">
    <testcase classname="Dashboard date range filter filters rows by inclusive date range" name="Dashboard date range filter filters rows by inclusive date range" time="1.159">
    </testcase>
  </testsuite>
  <testsuite name="Dashboard tag/mention quick filter" errors="0" failures="0" skipped="0" timestamp="2025-09-08T20:19:34" time="4.057" tests="2">
    <testcase classname="Dashboard tag/mention quick filter filters by hashtag (e.g., #समारोह)" name="Dashboard tag/mention quick filter filters by hashtag (e.g., #समारोह)" time="0.964">
    </testcase>
    <testcase classname="Dashboard tag/mention quick filter filters by mention (e.g., @PMOIndia)" name="Dashboard tag/mention quick filter filters by mention (e.g., @PMOIndia)" time="0.264">
    </testcase>
  </testsuite>
  <testsuite name="parse util" errors="0" failures="0" skipped="0" timestamp="2025-09-08T20:19:38" time="0.295" tests="2">
    <testcase classname="parse util formats date to Hindi (Day, DD MMMM YYYY)" name="parse util formats date to Hindi (Day, DD MMMM YYYY)" time="0.001">
    </testcase>
    <testcase classname="parse util extracts where, what, which, how from content" name="parse util extracts where, what, which, how from content" time="0.002">
    </testcase>
  </testsuite>
  <testsuite name="parse places (extended variants)" errors="0" failures="0" skipped="0" timestamp="2025-09-08T20:19:38" time="0.292" tests="2">
    <testcase classname="parse places (extended variants) extracts multi-word places like नई दिल्ली" name="parse places (extended variants) extracts multi-word places like नई दिल्ली" time="0.017">
    </testcase>
    <testcase classname="parse places (extended variants) recognizes छत्तीसगढ़ and भारत mentions" name="parse places (extended variants) recognizes छत्तीसगढ़ and भारत mentions" time="0.01">
    </testcase>
  </testsuite>
  <testsuite name="Hardcoded dataset" errors="0" failures="0" skipped="0" timestamp="2025-09-08T20:19:38" time="0.347" tests="1">
    <testcase classname="Hardcoded dataset exists and contains 48 posts with required fields" name="Hardcoded dataset exists and contains 48 posts with required fields" time="0.016">
    </testcase>
  </testsuite>
</testsuites>